<?xml version="1.0" encoding="UTF-8"?>
<testng-results ignored="0" total="1" passed="1" failed="0" skipped="0">
  <reporter-output>
  </reporter-output>
  <suite started-at="2025-08-06T12:25:25 IST" name="Default suite" finished-at="2025-08-06T12:25:26 IST" duration-ms="1264">
    <groups>
    </groups>
    <test started-at="2025-08-06T12:25:25 IST" name="Default test" finished-at="2025-08-06T12:25:26 IST" duration-ms="1264">
      <class name="test.test1">
        <test-method signature="test()[pri:0, instance:test.test1@515c6049]" started-at="2025-08-06T12:25:25 IST" name="test" finished-at="2025-08-06T12:25:26 IST" duration-ms="1227" status="PASS">
          <reporter-output>
          </reporter-output>
        </test-method> <!-- test -->
      </class> <!-- test.test1 -->
    </test> <!-- Default test -->
  </suite> <!-- Default suite -->
</testng-results>
